[  0%] Built target tf2_msgs_generate_messages_eus
[  0%] Built target tf2_msgs_generate_messages_cpp
[  0%] Built target tf2_msgs_generate_messages_nodejs
[  0%] Built target tf2_msgs_generate_messages_lisp
[  0%] Built target uuid_msgs_generate_messages_cpp
[  0%] Built target tf2_msgs_generate_messages_py
[  0%] Built target actionlib_msgs_generate_messages_eus
[  0%] Built target actionlib_generate_messages_py
[  0%] Built target actionlib_generate_messages_lisp
[  0%] Built target actionlib_msgs_generate_messages_nodejs
[  0%] Built target nav_msgs_generate_messages_nodejs
[  0%] Built target nav_msgs_generate_messages_lisp
[  0%] Built target nav_msgs_generate_messages_eus
[  0%] Built target sensor_msgs_generate_messages_nodejs
[  0%] Built target sensor_msgs_generate_messages_py
[  0%] Built target mavros_msgs_generate_messages_nodejs
[  0%] Built target mavros_msgs_generate_messages_cpp
[  0%] Built target sensor_msgs_generate_messages_cpp
[  0%] Built target mavros_msgs_generate_messages_eus
[  0%] Built target uuid_msgs_generate_messages_py
[  0%] Built target actionlib_generate_messages_cpp
[  0%] Built target uuid_msgs_generate_messages_nodejs
[  0%] Built target actionlib_generate_messages_eus
[  0%] Built target mav_msgs_generate_messages_cpp
[  0%] Built target uuid_msgs_generate_messages_eus
[  0%] Built target mav_msgs_generate_messages_py
[  0%] Built target mav_msgs_generate_messages_lisp
[  0%] Built target actionlib_msgs_generate_messages_lisp
[  0%] Built target mav_msgs_generate_messages_eus
[  0%] Built target sensor_msgs_generate_messages_lisp
[  0%] Built target std_msgs_generate_messages_eus
[  0%] Built target geometry_msgs_generate_messages_py
[  0%] Built target std_msgs_generate_messages_nodejs
[  0%] Built target mavros_msgs_generate_messages_lisp
[  0%] Built target roscpp_generate_messages_lisp
[  0%] Built target actionlib_msgs_generate_messages_py
[  0%] Built target geographic_msgs_generate_messages_py
[  0%] Built target geographic_msgs_generate_messages_cpp
[  0%] Built target geometry_msgs_generate_messages_nodejs
[  0%] Built target mav_msgs_generate_messages_nodejs
[  0%] Built target trajectory_msgs_generate_messages_py
[  0%] Built target geometry_msgs_generate_messages_lisp
[  0%] Built target std_msgs_generate_messages_lisp
[  0%] Built target mavros_msgs_generate_messages_py
[  0%] Built target roscpp_generate_messages_nodejs
[  0%] Built target nav_msgs_generate_messages_py
[  0%] Built target rosgraph_msgs_generate_messages_lisp
[  0%] Built target std_msgs_generate_messages_py
[  0%] Built target geometry_msgs_generate_messages_eus
[  0%] Built target roscpp_generate_messages_cpp
[  0%] Built target sensor_msgs_generate_messages_eus
[  0%] Built target actionlib_generate_messages_nodejs
[  0%] Built target actionlib_msgs_generate_messages_cpp
[  0%] Built target std_msgs_generate_messages_cpp
[  0%] Built target diagnostic_msgs_generate_messages_eus
[  0%] Built target trajectory_msgs_generate_messages_cpp
[  0%] Built target rosgraph_msgs_generate_messages_cpp
[  0%] Built target geometry_msgs_generate_messages_cpp
[  0%] Built target trajectory_msgs_generate_messages_lisp
[  0%] Built target diagnostic_msgs_generate_messages_cpp
[  0%] Built target uuid_msgs_generate_messages_lisp
[  0%] Built target trajectory_msgs_generate_messages_nodejs
[  0%] Built target diagnostic_msgs_generate_messages_nodejs
[  0%] Built target rosgraph_msgs_generate_messages_py
[  0%] Built target diagnostic_msgs_generate_messages_py
[  0%] Built target diagnostic_msgs_generate_messages_lisp
[  0%] Built target roscpp_generate_messages_py
[  0%] Built target rosgraph_msgs_generate_messages_eus
[  0%] Built target roscpp_generate_messages_eus
[  0%] Built target rosgraph_msgs_generate_messages_nodejs
[  0%] Built target geographic_msgs_generate_messages_lisp
[  0%] Built target geographic_msgs_generate_messages_eus
[  0%] Built target trajectory_msgs_generate_messages_eus
[  0%] Built target nav_msgs_generate_messages_cpp
[  0%] Built target geographic_msgs_generate_messages_nodejs
[35m[1mScanning dependencies of target rotors_hil_interface[0m
[ 20%] [32mBuilding CXX object CMakeFiles/rotors_hil_interface.dir/src/hil_sensor_level_interface.cpp.o[0m
[ 40%] [32mBuilding CXX object CMakeFiles/rotors_hil_interface.dir/src/hil_state_level_interface.cpp.o[0m
[ 60%] [32m[1mLinking CXX shared library /home/joeyyu/catkin_ws_eth_sim/devel/.private/rotors_hil_interface/lib/librotors_hil_interface.so[0m
[ 60%] Built target rotors_hil_interface
[35m[1mScanning dependencies of target rotors_hil_interface_node[0m
[ 80%] [32mBuilding CXX object CMakeFiles/rotors_hil_interface_node.dir/src/hil_interface_node.cpp.o[0m
[01m[K/home/joeyyu/catkin_ws_eth_sim/src/rotors_simulator-master/rotors_hil_interface/src/hil_interface_node.cpp:[m[K In constructor ‘[01m[Krotors_hil::HilInterfaceNode::HilInterfaceNode()[m[K’:
[01m[K/home/joeyyu/catkin_ws_eth_sim/src/rotors_simulator-master/rotors_hil_interface/src/hil_interface_node.cpp:51:27:[m[K [01;35m[Kwarning: [m[K‘[01m[Ktemplate<class> class std::auto_ptr[m[K’ is deprecated [-Wdeprecated-declarations]
     hil_interface_ = std::auto_ptr<HilSensorLevelInterface>(new HilSensorLevelInterface(q_S_B));
[01;32m[K                           ^[m[K
In file included from [01m[K/usr/include/c++/5/memory:81:0[m[K,
                 from [01m[K/home/joeyyu/catkin_ws_eth_sim/src/rotors_simulator-master/rotors_hil_interface/include/rotors_hil_interface/hil_interface_node.h:20[m[K,
                 from [01m[K/home/joeyyu/catkin_ws_eth_sim/src/rotors_simulator-master/rotors_hil_interface/src/hil_interface_node.cpp:17[m[K:
[01m[K/usr/include/c++/5/bits/unique_ptr.h:49:28:[m[K [01;36m[Knote: [m[Kdeclared here
   template<typename> class auto_ptr;
[01;32m[K                            ^[m[K
[01m[K/home/joeyyu/catkin_ws_eth_sim/src/rotors_simulator-master/rotors_hil_interface/src/hil_interface_node.cpp:53:27:[m[K [01;35m[Kwarning: [m[K‘[01m[Ktemplate<class> class std::auto_ptr[m[K’ is deprecated [-Wdeprecated-declarations]
     hil_interface_ = std::auto_ptr<HilStateLevelInterface>(new HilStateLevelInterface(q_S_B));
[01;32m[K                           ^[m[K
In file included from [01m[K/usr/include/c++/5/memory:81:0[m[K,
                 from [01m[K/home/joeyyu/catkin_ws_eth_sim/src/rotors_simulator-master/rotors_hil_interface/include/rotors_hil_interface/hil_interface_node.h:20[m[K,
                 from [01m[K/home/joeyyu/catkin_ws_eth_sim/src/rotors_simulator-master/rotors_hil_interface/src/hil_interface_node.cpp:17[m[K:
[01m[K/usr/include/c++/5/bits/unique_ptr.h:49:28:[m[K [01;36m[Knote: [m[Kdeclared here
   template<typename> class auto_ptr;
[01;32m[K                            ^[m[K
[100%] [32m[1mLinking CXX executable /home/joeyyu/catkin_ws_eth_sim/devel/.private/rotors_hil_interface/lib/rotors_hil_interface/rotors_hil_interface_node[0m
[100%] Built target rotors_hil_interface_node
