In file included from [01m[K/home/joeyyu/catkin_ws_eth_sim/build/rotors_gazebo_plugins/PoseWithCovariance.pb.h:35:0[m[K,
                 from [01m[K/home/joeyyu/catkin_ws_eth_sim/build/rotors_gazebo_plugins/Odometry.pb.h:36[m[K,
                 from [01m[K/home/joeyyu/catkin_ws_eth_sim/build/rotors_gazebo_plugins/Odometry.pb.cc:4[m[K:
[01m[K/usr/include/gazebo-7/gazebo/msgs/pose.pb.h:17:2:[m[K [01;31m[Kerror: [m[K#error This file was generated by an older version of protoc which is
 #error This file was generated by an older version of protoc which is
[01;32m[K  ^[m[K
[01m[K/usr/include/gazebo-7/gazebo/msgs/pose.pb.h:18:2:[m[K [01;31m[Kerror: [m[K#error incompatible with your Protocol Buffer headers. Please
 #error incompatible with your Protocol Buffer headers.  Please
[01;32m[K  ^[m[K
[01m[K/usr/include/gazebo-7/gazebo/msgs/pose.pb.h:19:2:[m[K [01;31m[Kerror: [m[K#error regenerate this file with a newer version of protoc.
 #error regenerate this file with a newer version of protoc.
[01;32m[K  ^[m[K
In file included from [01m[K/usr/include/gazebo-7/gazebo/msgs/pose.pb.h:27:0[m[K,
                 from [01m[K/home/joeyyu/catkin_ws_eth_sim/build/rotors_gazebo_plugins/PoseWithCovariance.pb.h:35[m[K,
                 from [01m[K/home/joeyyu/catkin_ws_eth_sim/build/rotors_gazebo_plugins/Odometry.pb.h:36[m[K,
                 from [01m[K/home/joeyyu/catkin_ws_eth_sim/build/rotors_gazebo_plugins/Odometry.pb.cc:4[m[K:
[01m[K/usr/include/gazebo-7/gazebo/msgs/vector3d.pb.h:17:2:[m[K [01;31m[Kerror: [m[K#error This file was generated by an older version of protoc which is
 #error This file was generated by an older version of protoc which is
[01;32m[K  ^[m[K
[01m[K/usr/include/gazebo-7/gazebo/msgs/vector3d.pb.h:18:2:[m[K [01;31m[Kerror: [m[K#error incompatible with your Protocol Buffer headers. Please
 #error incompatible with your Protocol Buffer headers.  Please
[01;32m[K  ^[m[K
[01m[K/usr/include/gazebo-7/gazebo/msgs/vector3d.pb.h:19:2:[m[K [01;31m[Kerror: [m[K#error regenerate this file with a newer version of protoc.
 #error regenerate this file with a newer version of protoc.
[01;32m[K  ^[m[K
In file included from [01m[K/home/joeyyu/catkin_ws_eth_sim/build/rotors_gazebo_plugins/Imu.pb.h:35:0[m[K,
                 from [01m[K/home/joeyyu/catkin_ws_eth_sim/build/rotors_gazebo_plugins/Imu.pb.cc:4[m[K:
[01m[K/usr/include/gazebo-7/gazebo/msgs/quaternion.pb.h:17:2:[m[K [01;31m[Kerror: [m[K#error This file was generated by an older version of protoc which is
 #error This file was generated by an older version of protoc which is
[01;32m[K  ^[m[K
[01m[K/usr/include/gazebo-7/gazebo/msgs/quaternion.pb.h:18:2:[m[K [01;31m[Kerror: [m[K#error incompatible with your Protocol Buffer headers. Please
 #error incompatible with your Protocol Buffer headers.  Please
[01;32m[K  ^[m[K
[01m[K/usr/include/gazebo-7/gazebo/msgs/quaternion.pb.h:19:2:[m[K [01;31m[Kerror: [m[K#error regenerate this file with a newer version of protoc.
 #error regenerate this file with a newer version of protoc.
[01;32m[K  ^[m[K
In file included from [01m[K/home/joeyyu/catkin_ws_eth_sim/build/rotors_gazebo_plugins/MagneticField.pb.h:35:0[m[K,
                 from [01m[K/home/joeyyu/catkin_ws_eth_sim/build/rotors_gazebo_plugins/MagneticField.pb.cc:4[m[K:
[01m[K/usr/include/gazebo-7/gazebo/msgs/quaternion.pb.h:17:2:[m[K [01;31m[Kerror: [m[K#error This file was generated by an older version of protoc which is
 #error This file was generated by an older version of protoc which is
[01;32m[K  ^[m[K
[01m[K/usr/include/gazebo-7/gazebo/msgs/quaternion.pb.h:18:2:[m[K [01;31m[Kerror: [m[K#error incompatible with your Protocol Buffer headers. Please
 #error incompatible with your Protocol Buffer headers.  Please
[01;32m[K  ^[m[K
[01m[K/usr/include/gazebo-7/gazebo/msgs/quaternion.pb.h:19:2:[m[K [01;31m[Kerror: [m[K#error regenerate this file with a newer version of protoc.
 #error regenerate this file with a newer version of protoc.
[01;32m[K  ^[m[K
In file included from [01m[K/usr/include/gazebo-7/gazebo/msgs/pose.pb.h:28:0[m[K,
                 from [01m[K/home/joeyyu/catkin_ws_eth_sim/build/rotors_gazebo_plugins/PoseWithCovariance.pb.h:35[m[K,
                 from [01m[K/home/joeyyu/catkin_ws_eth_sim/build/rotors_gazebo_plugins/Odometry.pb.h:36[m[K,
                 from [01m[K/home/joeyyu/catkin_ws_eth_sim/build/rotors_gazebo_plugins/Odometry.pb.cc:4[m[K:
[01m[K/usr/include/gazebo-7/gazebo/msgs/quaternion.pb.h:17:2:[m[K [01;31m[Kerror: [m[K#error This file was generated by an older version of protoc which is
 #error This file was generated by an older version of protoc which is
[01;32m[K  ^[m[K
[01m[K/usr/include/gazebo-7/gazebo/msgs/quaternion.pb.h:18:2:[m[K [01;31m[Kerror: [m[K#error incompatible with your Protocol Buffer headers. Please
 #error incompatible with your Protocol Buffer headers.  Please
[01;32m[K  ^[m[K
[01m[K/usr/include/gazebo-7/gazebo/msgs/quaternion.pb.h:19:2:[m[K [01;31m[Kerror: [m[K#error regenerate this file with a newer version of protoc.
 #error regenerate this file with a newer version of protoc.
[01;32m[K  ^[m[K
In file included from [01m[K/home/joeyyu/catkin_ws_eth_sim/build/rotors_gazebo_plugins/Imu.pb.h:36:0[m[K,
                 from [01m[K/home/joeyyu/catkin_ws_eth_sim/build/rotors_gazebo_plugins/Imu.pb.cc:4[m[K:
[01m[K/usr/include/gazebo-7/gazebo/msgs/vector3d.pb.h:17:2:[m[K [01;31m[Kerror: [m[K#error This file was generated by an older version of protoc which is
 #error This file was generated by an older version of protoc which is
[01;32m[K  ^[m[K
[01m[K/usr/include/gazebo-7/gazebo/msgs/vector3d.pb.h:18:2:[m[K [01;31m[Kerror: [m[K#error incompatible with your Protocol Buffer headers. Please
 #error incompatible with your Protocol Buffer headers.  Please
[01;32m[K  ^[m[K
[01m[K/usr/include/gazebo-7/gazebo/msgs/vector3d.pb.h:19:2:[m[K [01;31m[Kerror: [m[K#error regenerate this file with a newer version of protoc.
 #error regenerate this file with a newer version of protoc.
[01;32m[K  ^[m[K
In file included from [01m[K/home/joeyyu/catkin_ws_eth_sim/build/rotors_gazebo_plugins/MagneticField.pb.h:36:0[m[K,
                 from [01m[K/home/joeyyu/catkin_ws_eth_sim/build/rotors_gazebo_plugins/MagneticField.pb.cc:4[m[K:
[01m[K/usr/include/gazebo-7/gazebo/msgs/vector3d.pb.h:17:2:[m[K [01;31m[Kerror: [m[K#error This file was generated by an older version of protoc which is
 #error This file was generated by an older version of protoc which is
[01;32m[K  ^[m[K
[01m[K/usr/include/gazebo-7/gazebo/msgs/vector3d.pb.h:18:2:[m[K [01;31m[Kerror: [m[K#error incompatible with your Protocol Buffer headers. Please
 #error incompatible with your Protocol Buffer headers.  Please
[01;32m[K  ^[m[K
[01m[K/usr/include/gazebo-7/gazebo/msgs/vector3d.pb.h:19:2:[m[K [01;31m[Kerror: [m[K#error regenerate this file with a newer version of protoc.
 #error regenerate this file with a newer version of protoc.
[01;32m[K  ^[m[K
In file included from [01m[K/home/joeyyu/catkin_ws_eth_sim/build/rotors_gazebo_plugins/PoseWithCovariance.pb.h:35:0[m[K,
                 from [01m[K/home/joeyyu/catkin_ws_eth_sim/build/rotors_gazebo_plugins/PoseWithCovariance.pb.cc:4[m[K:
[01m[K/usr/include/gazebo-7/gazebo/msgs/pose.pb.h:17:2:[m[K [01;31m[Kerror: [m[K#error This file was generated by an older version of protoc which is
 #error This file was generated by an older version of protoc which is
[01;32m[K  ^[m[K
[01m[K/usr/include/gazebo-7/gazebo/msgs/pose.pb.h:18:2:[m[K [01;31m[Kerror: [m[K#error incompatible with your Protocol Buffer headers. Please
 #error incompatible with your Protocol Buffer headers.  Please
[01;32m[K  ^[m[K
[01m[K/usr/include/gazebo-7/gazebo/msgs/pose.pb.h:19:2:[m[K [01;31m[Kerror: [m[K#error regenerate this file with a newer version of protoc.
 #error regenerate this file with a newer version of protoc.
[01;32m[K  ^[m[K
In file included from [01m[K/usr/include/gazebo-7/gazebo/msgs/pose.pb.h:27:0[m[K,
                 from [01m[K/home/joeyyu/catkin_ws_eth_sim/build/rotors_gazebo_plugins/PoseWithCovariance.pb.h:35[m[K,
                 from [01m[K/home/joeyyu/catkin_ws_eth_sim/build/rotors_gazebo_plugins/PoseWithCovariance.pb.cc:4[m[K:
[01m[K/usr/include/gazebo-7/gazebo/msgs/vector3d.pb.h:17:2:[m[K [01;31m[Kerror: [m[K#error This file was generated by an older version of protoc which is
 #error This file was generated by an older version of protoc which is
[01;32m[K  ^[m[K
[01m[K/usr/include/gazebo-7/gazebo/msgs/vector3d.pb.h:18:2:[m[K [01;31m[Kerror: [m[K#error incompatible with your Protocol Buffer headers. Please
 #error incompatible with your Protocol Buffer headers.  Please
[01;32m[K  ^[m[K
[01m[K/usr/include/gazebo-7/gazebo/msgs/vector3d.pb.h:19:2:[m[K [01;31m[Kerror: [m[K#error regenerate this file with a newer version of protoc.
 #error regenerate this file with a newer version of protoc.
[01;32m[K  ^[m[K
In file included from [01m[K/usr/include/gazebo-7/gazebo/msgs/pose.pb.h:28:0[m[K,
                 from [01m[K/home/joeyyu/catkin_ws_eth_sim/build/rotors_gazebo_plugins/PoseWithCovariance.pb.h:35[m[K,
                 from [01m[K/home/joeyyu/catkin_ws_eth_sim/build/rotors_gazebo_plugins/PoseWithCovariance.pb.cc:4[m[K:
[01m[K/usr/include/gazebo-7/gazebo/msgs/quaternion.pb.h:17:2:[m[K [01;31m[Kerror: [m[K#error This file was generated by an older version of protoc which is
 #error This file was generated by an older version of protoc which is
[01;32m[K  ^[m[K
[01m[K/usr/include/gazebo-7/gazebo/msgs/quaternion.pb.h:18:2:[m[K [01;31m[Kerror: [m[K#error incompatible with your Protocol Buffer headers. Please
 #error incompatible with your Protocol Buffer headers.  Please
[01;32m[K  ^[m[K
[01m[K/usr/include/gazebo-7/gazebo/msgs/quaternion.pb.h:19:2:[m[K [01;31m[Kerror: [m[K#error regenerate this file with a newer version of protoc.
 #error regenerate this file with a newer version of protoc.
[01;32m[K  ^[m[K
In file included from [01m[K/home/joeyyu/catkin_ws_eth_sim/build/rotors_gazebo_plugins/PoseStamped.pb.h:36:0[m[K,
                 from [01m[K/home/joeyyu/catkin_ws_eth_sim/build/rotors_gazebo_plugins/PoseStamped.pb.cc:4[m[K:
[01m[K/usr/include/gazebo-7/gazebo/msgs/pose.pb.h:17:2:[m[K [01;31m[Kerror: [m[K#error This file was generated by an older version of protoc which is
 #error This file was generated by an older version of protoc which is
[01;32m[K  ^[m[K
[01m[K/usr/include/gazebo-7/gazebo/msgs/pose.pb.h:18:2:[m[K [01;31m[Kerror: [m[K#error incompatible with your Protocol Buffer headers. Please
 #error incompatible with your Protocol Buffer headers.  Please
[01;32m[K  ^[m[K
[01m[K/usr/include/gazebo-7/gazebo/msgs/pose.pb.h:19:2:[m[K [01;31m[Kerror: [m[K#error regenerate this file with a newer version of protoc.
 #error regenerate this file with a newer version of protoc.
[01;32m[K  ^[m[K
In file included from [01m[K/usr/include/gazebo-7/gazebo/msgs/pose.pb.h:27:0[m[K,
                 from [01m[K/home/joeyyu/catkin_ws_eth_sim/build/rotors_gazebo_plugins/PoseStamped.pb.h:36[m[K,
                 from [01m[K/home/joeyyu/catkin_ws_eth_sim/build/rotors_gazebo_plugins/PoseStamped.pb.cc:4[m[K:
[01m[K/usr/include/gazebo-7/gazebo/msgs/vector3d.pb.h:17:2:[m[K [01;31m[Kerror: [m[K#error This file was generated by an older version of protoc which is
 #error This file was generated by an older version of protoc which is
[01;32m[K  ^[m[K
[01m[K/usr/include/gazebo-7/gazebo/msgs/vector3d.pb.h:18:2:[m[K [01;31m[Kerror: [m[K#error incompatible with your Protocol Buffer headers. Please
 #error incompatible with your Protocol Buffer headers.  Please
[01;32m[K  ^[m[K
[01m[K/usr/include/gazebo-7/gazebo/msgs/vector3d.pb.h:19:2:[m[K [01;31m[Kerror: [m[K#error regenerate this file with a newer version of protoc.
 #error regenerate this file with a newer version of protoc.
[01;32m[K  ^[m[K
In file included from [01m[K/usr/include/gazebo-7/gazebo/msgs/pose.pb.h:28:0[m[K,
                 from [01m[K/home/joeyyu/catkin_ws_eth_sim/build/rotors_gazebo_plugins/PoseStamped.pb.h:36[m[K,
                 from [01m[K/home/joeyyu/catkin_ws_eth_sim/build/rotors_gazebo_plugins/PoseStamped.pb.cc:4[m[K:
[01m[K/usr/include/gazebo-7/gazebo/msgs/quaternion.pb.h:17:2:[m[K [01;31m[Kerror: [m[K#error This file was generated by an older version of protoc which is
 #error This file was generated by an older version of protoc which is
[01;32m[K  ^[m[K
[01m[K/usr/include/gazebo-7/gazebo/msgs/quaternion.pb.h:18:2:[m[K [01;31m[Kerror: [m[K#error incompatible with your Protocol Buffer headers. Please
 #error incompatible with your Protocol Buffer headers.  Please
[01;32m[K  ^[m[K
[01m[K/usr/include/gazebo-7/gazebo/msgs/quaternion.pb.h:19:2:[m[K [01;31m[Kerror: [m[K#error regenerate this file with a newer version of protoc.
 #error regenerate this file with a newer version of protoc.
[01;32m[K  ^[m[K
In file included from [01m[K/home/joeyyu/catkin_ws_eth_sim/build/rotors_gazebo_plugins/PoseWithCovariance.pb.h:35:0[m[K,
                 from [01m[K/home/joeyyu/catkin_ws_eth_sim/build/rotors_gazebo_plugins/PoseWithCovarianceStamped.pb.h:36[m[K,
                 from [01m[K/home/joeyyu/catkin_ws_eth_sim/build/rotors_gazebo_plugins/PoseWithCovarianceStamped.pb.cc:4[m[K:
[01m[K/usr/include/gazebo-7/gazebo/msgs/pose.pb.h:17:2:[m[K [01;31m[Kerror: [m[K#error This file was generated by an older version of protoc which is
 #error This file was generated by an older version of protoc which is
[01;32m[K  ^[m[K
[01m[K/usr/include/gazebo-7/gazebo/msgs/pose.pb.h:18:2:[m[K [01;31m[Kerror: [m[K#error incompatible with your Protocol Buffer headers. Please
 #error incompatible with your Protocol Buffer headers.  Please
[01;32m[K  ^[m[K
[01m[K/usr/include/gazebo-7/gazebo/msgs/pose.pb.h:19:2:[m[K [01;31m[Kerror: [m[K#error regenerate this file with a newer version of protoc.
 #error regenerate this file with a newer version of protoc.
[01;32m[K  ^[m[K
In file included from [01m[K/usr/include/gazebo-7/gazebo/msgs/pose.pb.h:27:0[m[K,
                 from [01m[K/home/joeyyu/catkin_ws_eth_sim/build/rotors_gazebo_plugins/PoseWithCovariance.pb.h:35[m[K,
                 from [01m[K/home/joeyyu/catkin_ws_eth_sim/build/rotors_gazebo_plugins/PoseWithCovarianceStamped.pb.h:36[m[K,
                 from [01m[K/home/joeyyu/catkin_ws_eth_sim/build/rotors_gazebo_plugins/PoseWithCovarianceStamped.pb.cc:4[m[K:
[01m[K/usr/include/gazebo-7/gazebo/msgs/vector3d.pb.h:17:2:[m[K [01;31m[Kerror: [m[K#error This file was generated by an older version of protoc which is
 #error This file was generated by an older version of protoc which is
[01;32m[K  ^[m[K
[01m[K/usr/include/gazebo-7/gazebo/msgs/vector3d.pb.h:18:2:[m[K [01;31m[Kerror: [m[K#error incompatible with your Protocol Buffer headers. Please
 #error incompatible with your Protocol Buffer headers.  Please
[01;32m[K  ^[m[K
[01m[K/usr/include/gazebo-7/gazebo/msgs/vector3d.pb.h:19:2:[m[K [01;31m[Kerror: [m[K#error regenerate this file with a newer version of protoc.
 #error regenerate this file with a newer version of protoc.
[01;32m[K  ^[m[K
In file included from [01m[K/usr/include/gazebo-7/gazebo/msgs/pose.pb.h:28:0[m[K,
                 from [01m[K/home/joeyyu/catkin_ws_eth_sim/build/rotors_gazebo_plugins/PoseWithCovariance.pb.h:35[m[K,
                 from [01m[K/home/joeyyu/catkin_ws_eth_sim/build/rotors_gazebo_plugins/PoseWithCovarianceStamped.pb.h:36[m[K,
                 from [01m[K/home/joeyyu/catkin_ws_eth_sim/build/rotors_gazebo_plugins/PoseWithCovarianceStamped.pb.cc:4[m[K:
[01m[K/usr/include/gazebo-7/gazebo/msgs/quaternion.pb.h:17:2:[m[K [01;31m[Kerror: [m[K#error This file was generated by an older version of protoc which is
 #error This file was generated by an older version of protoc which is
[01;32m[K  ^[m[K
[01m[K/usr/include/gazebo-7/gazebo/msgs/quaternion.pb.h:18:2:[m[K [01;31m[Kerror: [m[K#error incompatible with your Protocol Buffer headers. Please
 #error incompatible with your Protocol Buffer headers.  Please
[01;32m[K  ^[m[K
[01m[K/usr/include/gazebo-7/gazebo/msgs/quaternion.pb.h:19:2:[m[K [01;31m[Kerror: [m[K#error regenerate this file with a newer version of protoc.
 #error regenerate this file with a newer version of protoc.
[01;32m[K  ^[m[K
In file included from [01m[K/home/joeyyu/catkin_ws_eth_sim/build/rotors_gazebo_plugins/RollPitchYawrateThrust.pb.h:36:0[m[K,
                 from [01m[K/home/joeyyu/catkin_ws_eth_sim/build/rotors_gazebo_plugins/RollPitchYawrateThrust.pb.cc:4[m[K:
[01m[K/usr/include/gazebo-7/gazebo/msgs/vector3d.pb.h:17:2:[m[K [01;31m[Kerror: [m[K#error This file was generated by an older version of protoc which is
 #error This file was generated by an older version of protoc which is
[01;32m[K  ^[m[K
[01m[K/usr/include/gazebo-7/gazebo/msgs/vector3d.pb.h:18:2:[m[K [01;31m[Kerror: [m[K#error incompatible with your Protocol Buffer headers. Please
 #error incompatible with your Protocol Buffer headers.  Please
[01;32m[K  ^[m[K
[01m[K/usr/include/gazebo-7/gazebo/msgs/vector3d.pb.h:19:2:[m[K [01;31m[Kerror: [m[K#error regenerate this file with a newer version of protoc.
 #error regenerate this file with a newer version of protoc.
[01;32m[K  ^[m[K
In file included from [01m[K/home/joeyyu/catkin_ws_eth_sim/build/rotors_gazebo_plugins/Transform.pb.h:35:0[m[K,
                 from [01m[K/home/joeyyu/catkin_ws_eth_sim/build/rotors_gazebo_plugins/Transform.pb.cc:4[m[K:
[01m[K/usr/include/gazebo-7/gazebo/msgs/vector3d.pb.h:17:2:[m[K [01;31m[Kerror: [m[K#error This file was generated by an older version of protoc which is
 #error This file was generated by an older version of protoc which is
[01;32m[K  ^[m[K
[01m[K/usr/include/gazebo-7/gazebo/msgs/vector3d.pb.h:18:2:[m[K [01;31m[Kerror: [m[K#error incompatible with your Protocol Buffer headers. Please
 #error incompatible with your Protocol Buffer headers.  Please
[01;32m[K  ^[m[K
[01m[K/usr/include/gazebo-7/gazebo/msgs/vector3d.pb.h:19:2:[m[K [01;31m[Kerror: [m[K#error regenerate this file with a newer version of protoc.
 #error regenerate this file with a newer version of protoc.
[01;32m[K  ^[m[K
In file included from [01m[K/home/joeyyu/catkin_ws_eth_sim/build/rotors_gazebo_plugins/Transform.pb.h:36:0[m[K,
                 from [01m[K/home/joeyyu/catkin_ws_eth_sim/build/rotors_gazebo_plugins/Transform.pb.cc:4[m[K:
[01m[K/usr/include/gazebo-7/gazebo/msgs/quaternion.pb.h:17:2:[m[K [01;31m[Kerror: [m[K#error This file was generated by an older version of protoc which is
 #error This file was generated by an older version of protoc which is
[01;32m[K  ^[m[K
[01m[K/usr/include/gazebo-7/gazebo/msgs/quaternion.pb.h:18:2:[m[K [01;31m[Kerror: [m[K#error incompatible with your Protocol Buffer headers. Please
 #error incompatible with your Protocol Buffer headers.  Please
[01;32m[K  ^[m[K
[01m[K/usr/include/gazebo-7/gazebo/msgs/quaternion.pb.h:19:2:[m[K [01;31m[Kerror: [m[K#error regenerate this file with a newer version of protoc.
 #error regenerate this file with a newer version of protoc.
[01;32m[K  ^[m[K
In file included from [01m[K/home/joeyyu/catkin_ws_eth_sim/build/rotors_gazebo_plugins/PoseWithCovariance.pb.cc:4:0[m[K:
[01m[K/home/joeyyu/catkin_ws_eth_sim/build/rotors_gazebo_plugins/PoseWithCovariance.pb.h:[m[K In member function ‘[01m[Kconst gazebo::msgs::Pose& gz_geometry_msgs::PoseWithCovariance::_internal_pose() const[m[K’:
[01m[K/home/joeyyu/catkin_ws_eth_sim/build/rotors_gazebo_plugins/PoseWithCovariance.pb.h:270:8:[m[K [01;31m[Kerror: [m[K‘[01m[K_Pose_default_instance_[m[K’ is not a member of ‘[01m[Kgazebo::msgs[m[K’
       &::gazebo::msgs::_Pose_default_instance_);
[01;32m[K        ^[m[K
[01m[K/home/joeyyu/catkin_ws_eth_sim/build/rotors_gazebo_plugins/PoseWithCovariance.pb.cc:[m[K At global scope:
[01m[K/home/joeyyu/catkin_ws_eth_sim/build/rotors_gazebo_plugins/PoseWithCovariance.pb.cc:17:8:[m[K [01;31m[Kerror: [m[K‘[01m[KPROTOBUF_INTERNAL_EXPORT_pose_2eproto[m[K’ does not name a type
 extern PROTOBUF_INTERNAL_EXPORT_pose_2eproto ::PROTOBUF_NAMESPACE_ID::internal::SCCInfo<2> scc_info_Pose_pose_2eproto;
[01;32m[K        ^[m[K
[01m[K/home/joeyyu/catkin_ws_eth_sim/build/rotors_gazebo_plugins/PoseWithCovariance.pb.cc:37:8:[m[K [01;31m[Kerror: [m[K‘[01m[Kscc_info_Pose_pose_2eproto[m[K’ was not declared in this scope
       &scc_info_Pose_pose_2eproto.base,}};
[01;32m[K        ^[m[K
[01m[K/home/joeyyu/catkin_ws_eth_sim/build/rotors_gazebo_plugins/PoseWithCovariance.pb.cc:69:4:[m[K [01;31m[Kerror: [m[K‘[01m[K::descriptor_table_pose_2eproto[m[K’ has not been declared
   &::descriptor_table_pose_2eproto,
[01;32m[K    ^[m[K
[01m[K/home/joeyyu/catkin_ws_eth_sim/build/rotors_gazebo_plugins/PoseWithCovariance.pb.cc:[m[K In static member function ‘[01m[Kstatic void gz_geometry_msgs::PoseWithCovariance::InitAsDefaultInstance()[m[K’:
[01m[K/home/joeyyu/catkin_ws_eth_sim/build/rotors_gazebo_plugins/PoseWithCovariance.pb.cc:90:7:[m[K [01;31m[Kerror: [m[K‘[01m[Kinternal_default_instance[m[K’ is not a member of ‘[01m[Kgazebo::msgs::Pose[m[K’
       ::gazebo::msgs::Pose::internal_default_instance());
[01;32m[K       ^[m[K
In file included from [01m[K/home/joeyyu/catkin_ws_eth_sim/build/rotors_gazebo_plugins/MagneticField.pb.cc:4:0[m[K:
[01m[K/home/joeyyu/catkin_ws_eth_sim/build/rotors_gazebo_plugins/MagneticField.pb.h:[m[K In member function ‘[01m[Kconst gazebo::msgs::Vector3d& gz_sensor_msgs::MagneticField::_internal_magnetic_field() const[m[K’:
[01m[K/home/joeyyu/catkin_ws_eth_sim/build/rotors_gazebo_plugins/MagneticField.pb.h:372:8:[m[K [01;31m[Kerror: [m[K‘[01m[K_Vector3d_default_instance_[m[K’ is not a member of ‘[01m[Kgazebo::msgs[m[K’
       &::gazebo::msgs::_Vector3d_default_instance_);
[01;32m[K        ^[m[K
[01m[K/home/joeyyu/catkin_ws_eth_sim/build/rotors_gazebo_plugins/MagneticField.pb.cc:[m[K At global scope:
[01m[K/home/joeyyu/catkin_ws_eth_sim/build/rotors_gazebo_plugins/MagneticField.pb.cc:17:8:[m[K [01;31m[Kerror: [m[K‘[01m[KPROTOBUF_INTERNAL_EXPORT_vector3d_2eproto[m[K’ does not name a type
 extern PROTOBUF_INTERNAL_EXPORT_vector3d_2eproto ::PROTOBUF_NAMESPACE_ID::internal::SCCInfo<0> scc_info_Vector3d_vector3d_2eproto;
[01;32m[K        ^[m[K
[01m[K/home/joeyyu/catkin_ws_eth_sim/build/rotors_gazebo_plugins/MagneticField.pb.cc:39:8:[m[K [01;31m[Kerror: [m[K‘[01m[Kscc_info_Vector3d_vector3d_2eproto[m[K’ was not declared in this scope
       &scc_info_Vector3d_vector3d_2eproto.base,}};
[01;32m[K        ^[m[K
[01m[K/home/joeyyu/catkin_ws_eth_sim/build/rotors_gazebo_plugins/MagneticField.pb.cc:76:4:[m[K [01;31m[Kerror: [m[K‘[01m[K::descriptor_table_quaternion_2eproto[m[K’ has not been declared
   &::descriptor_table_quaternion_2eproto,
[01;32m[K    ^[m[K
[01m[K/home/joeyyu/catkin_ws_eth_sim/build/rotors_gazebo_plugins/MagneticField.pb.cc:77:4:[m[K [01;31m[Kerror: [m[K‘[01m[K::descriptor_table_vector3d_2eproto[m[K’ has not been declared
   &::descriptor_table_vector3d_2eproto,
[01;32m[K    ^[m[K
[01m[K/home/joeyyu/catkin_ws_eth_sim/build/rotors_gazebo_plugins/MagneticField.pb.cc:[m[K In static member function ‘[01m[Kstatic void gz_sensor_msgs::MagneticField::InitAsDefaultInstance()[m[K’:
[01m[K/home/joeyyu/catkin_ws_eth_sim/build/rotors_gazebo_plugins/MagneticField.pb.cc:100:7:[m[K [01;31m[Kerror: [m[K‘[01m[Kinternal_default_instance[m[K’ is not a member of ‘[01m[Kgazebo::msgs::Vector3d[m[K’
       ::gazebo::msgs::Vector3d::internal_default_instance());
[01;32m[K       ^[m[K
In file included from [01m[K/home/joeyyu/catkin_ws_eth_sim/build/rotors_gazebo_plugins/PoseStamped.pb.cc:4:0[m[K:
[01m[K/home/joeyyu/catkin_ws_eth_sim/build/rotors_gazebo_plugins/PoseStamped.pb.h:[m[K In member function ‘[01m[Kconst gazebo::msgs::Pose& gz_geometry_msgs::PoseStamped::_internal_pose() const[m[K’:
[01m[K/home/joeyyu/catkin_ws_eth_sim/build/rotors_gazebo_plugins/PoseStamped.pb.h:346:8:[m[K [01;31m[Kerror: [m[K‘[01m[K_Pose_default_instance_[m[K’ is not a member of ‘[01m[Kgazebo::msgs[m[K’
       &::gazebo::msgs::_Pose_default_instance_);
[01;32m[K        ^[m[K
[01m[K/home/joeyyu/catkin_ws_eth_sim/build/rotors_gazebo_plugins/PoseStamped.pb.cc:[m[K At global scope:
[01m[K/home/joeyyu/catkin_ws_eth_sim/build/rotors_gazebo_plugins/PoseStamped.pb.cc:17:8:[m[K [01;31m[Kerror: [m[K‘[01m[KPROTOBUF_INTERNAL_EXPORT_pose_2eproto[m[K’ does not name a type
 extern PROTOBUF_INTERNAL_EXPORT_pose_2eproto ::PROTOBUF_NAMESPACE_ID::internal::SCCInfo<2> scc_info_Pose_pose_2eproto;
[01;32m[K        ^[m[K
[01m[K/home/joeyyu/catkin_ws_eth_sim/build/rotors_gazebo_plugins/PoseStamped.pb.cc:39:8:[m[K [01;31m[Kerror: [m[K‘[01m[Kscc_info_Pose_pose_2eproto[m[K’ was not declared in this scope
       &scc_info_Pose_pose_2eproto.base,}};
[01;32m[K        ^[m[K
[01m[K/home/joeyyu/catkin_ws_eth_sim/build/rotors_gazebo_plugins/PoseStamped.pb.cc:72:4:[m[K [01;31m[Kerror: [m[K‘[01m[K::descriptor_table_pose_2eproto[m[K’ has not been declared
   &::descriptor_table_pose_2eproto,
[01;32m[K    ^[m[K
[01m[K/home/joeyyu/catkin_ws_eth_sim/build/rotors_gazebo_plugins/PoseStamped.pb.cc:[m[K In static member function ‘[01m[Kstatic void gz_geometry_msgs::PoseStamped::InitAsDefaultInstance()[m[K’:
[01m[K/home/joeyyu/catkin_ws_eth_sim/build/rotors_gazebo_plugins/PoseStamped.pb.cc:95:7:[m[K [01;31m[Kerror: [m[K‘[01m[Kinternal_default_instance[m[K’ is not a member of ‘[01m[Kgazebo::msgs::Pose[m[K’
       ::gazebo::msgs::Pose::internal_default_instance());
[01;32m[K       ^[m[K
make[2]: *** [CMakeFiles/mav_msgs.dir/PoseWithCovariance.pb.cc.o] Error 1
make[2]: *** 正在等待未完成的任务....
make[2]: *** [CMakeFiles/mav_msgs.dir/MagneticField.pb.cc.o] Error 1
make[2]: *** [CMakeFiles/mav_msgs.dir/PoseStamped.pb.cc.o] Error 1
In file included from [01m[K/home/joeyyu/catkin_ws_eth_sim/build/rotors_gazebo_plugins/Imu.pb.cc:4:0[m[K:
[01m[K/home/joeyyu/catkin_ws_eth_sim/build/rotors_gazebo_plugins/Imu.pb.h:[m[K In member function ‘[01m[Kconst gazebo::msgs::Quaternion& gz_sensor_msgs::Imu::_internal_orientation() const[m[K’:
[01m[K/home/joeyyu/catkin_ws_eth_sim/build/rotors_gazebo_plugins/Imu.pb.h:462:8:[m[K [01;31m[Kerror: [m[K‘[01m[K_Quaternion_default_instance_[m[K’ is not a member of ‘[01m[Kgazebo::msgs[m[K’
       &::gazebo::msgs::_Quaternion_default_instance_);
[01;32m[K        ^[m[K
[01m[K/home/joeyyu/catkin_ws_eth_sim/build/rotors_gazebo_plugins/Imu.pb.h:[m[K In member function ‘[01m[Kconst gazebo::msgs::Vector3d& gz_sensor_msgs::Imu::_internal_angular_velocity() const[m[K’:
[01m[K/home/joeyyu/catkin_ws_eth_sim/build/rotors_gazebo_plugins/Imu.pb.h:586:8:[m[K [01;31m[Kerror: [m[K‘[01m[K_Vector3d_default_instance_[m[K’ is not a member of ‘[01m[Kgazebo::msgs[m[K’
       &::gazebo::msgs::_Vector3d_default_instance_);
[01;32m[K        ^[m[K
[01m[K/home/joeyyu/catkin_ws_eth_sim/build/rotors_gazebo_plugins/Imu.pb.h:[m[K In member function ‘[01m[Kconst gazebo::msgs::Vector3d& gz_sensor_msgs::Imu::_internal_linear_acceleration() const[m[K’:
[01m[K/home/joeyyu/catkin_ws_eth_sim/build/rotors_gazebo_plugins/Imu.pb.h:710:8:[m[K [01;31m[Kerror: [m[K‘[01m[K_Vector3d_default_instance_[m[K’ is not a member of ‘[01m[Kgazebo::msgs[m[K’
       &::gazebo::msgs::_Vector3d_default_instance_);
[01;32m[K        ^[m[K
[01m[K/home/joeyyu/catkin_ws_eth_sim/build/rotors_gazebo_plugins/Imu.pb.cc:[m[K At global scope:
[01m[K/home/joeyyu/catkin_ws_eth_sim/build/rotors_gazebo_plugins/Imu.pb.cc:17:8:[m[K [01;31m[Kerror: [m[K‘[01m[KPROTOBUF_INTERNAL_EXPORT_quaternion_2eproto[m[K’ does not name a type
 extern PROTOBUF_INTERNAL_EXPORT_quaternion_2eproto ::PROTOBUF_NAMESPACE_ID::internal::SCCInfo<0> scc_info_Quaternion_quaternion_2eproto;
[01;32m[K        ^[m[K
[01m[K/home/joeyyu/catkin_ws_eth_sim/build/rotors_gazebo_plugins/Imu.pb.cc:18:8:[m[K [01;31m[Kerror: [m[K‘[01m[KPROTOBUF_INTERNAL_EXPORT_vector3d_2eproto[m[K’ does not name a type
 extern PROTOBUF_INTERNAL_EXPORT_vector3d_2eproto ::PROTOBUF_NAMESPACE_ID::internal::SCCInfo<0> scc_info_Vector3d_vector3d_2eproto;
[01;32m[K        ^[m[K
[01m[K/home/joeyyu/catkin_ws_eth_sim/build/rotors_gazebo_plugins/Imu.pb.cc:40:8:[m[K [01;31m[Kerror: [m[K‘[01m[Kscc_info_Quaternion_quaternion_2eproto[m[K’ was not declared in this scope
       &scc_info_Quaternion_quaternion_2eproto.base,
[01;32m[K        ^[m[K
[01m[K/home/joeyyu/catkin_ws_eth_sim/build/rotors_gazebo_plugins/Imu.pb.cc:41:8:[m[K [01;31m[Kerror: [m[K‘[01m[Kscc_info_Vector3d_vector3d_2eproto[m[K’ was not declared in this scope
       &scc_info_Vector3d_vector3d_2eproto.base,}};
[01;32m[K        ^[m[K
[01m[K/home/joeyyu/catkin_ws_eth_sim/build/rotors_gazebo_plugins/Imu.pb.cc:90:4:[m[K [01;31m[Kerror: [m[K‘[01m[K::descriptor_table_quaternion_2eproto[m[K’ has not been declared
   &::descriptor_table_quaternion_2eproto,
[01;32m[K    ^[m[K
[01m[K/home/joeyyu/catkin_ws_eth_sim/build/rotors_gazebo_plugins/Imu.pb.cc:91:4:[m[K [01;31m[Kerror: [m[K‘[01m[K::descriptor_table_vector3d_2eproto[m[K’ has not been declared
   &::descriptor_table_vector3d_2eproto,
[01;32m[K    ^[m[K
[01m[K/home/joeyyu/catkin_ws_eth_sim/build/rotors_gazebo_plugins/Imu.pb.cc:[m[K In static member function ‘[01m[Kstatic void gz_sensor_msgs::Imu::InitAsDefaultInstance()[m[K’:
[01m[K/home/joeyyu/catkin_ws_eth_sim/build/rotors_gazebo_plugins/Imu.pb.cc:114:7:[m[K [01;31m[Kerror: [m[K‘[01m[Kinternal_default_instance[m[K’ is not a member of ‘[01m[Kgazebo::msgs::Quaternion[m[K’
       ::gazebo::msgs::Quaternion::internal_default_instance());
[01;32m[K       ^[m[K
[01m[K/home/joeyyu/catkin_ws_eth_sim/build/rotors_gazebo_plugins/Imu.pb.cc:116:7:[m[K [01;31m[Kerror: [m[K‘[01m[Kinternal_default_instance[m[K’ is not a member of ‘[01m[Kgazebo::msgs::Vector3d[m[K’
       ::gazebo::msgs::Vector3d::internal_default_instance());
[01;32m[K       ^[m[K
[01m[K/home/joeyyu/catkin_ws_eth_sim/build/rotors_gazebo_plugins/Imu.pb.cc:118:7:[m[K [01;31m[Kerror: [m[K‘[01m[Kinternal_default_instance[m[K’ is not a member of ‘[01m[Kgazebo::msgs::Vector3d[m[K’
       ::gazebo::msgs::Vector3d::internal_default_instance());
[01;32m[K       ^[m[K
In file included from [01m[K/home/joeyyu/catkin_ws_eth_sim/build/rotors_gazebo_plugins/Odometry.pb.h:36:0[m[K,
                 from [01m[K/home/joeyyu/catkin_ws_eth_sim/build/rotors_gazebo_plugins/Odometry.pb.cc:4[m[K:
[01m[K/home/joeyyu/catkin_ws_eth_sim/build/rotors_gazebo_plugins/PoseWithCovariance.pb.h:[m[K In member function ‘[01m[Kconst gazebo::msgs::Pose& gz_geometry_msgs::PoseWithCovariance::_internal_pose() const[m[K’:
[01m[K/home/joeyyu/catkin_ws_eth_sim/build/rotors_gazebo_plugins/PoseWithCovariance.pb.h:270:8:[m[K [01;31m[Kerror: [m[K‘[01m[K_Pose_default_instance_[m[K’ is not a member of ‘[01m[Kgazebo::msgs[m[K’
       &::gazebo::msgs::_Pose_default_instance_);
[01;32m[K        ^[m[K
In file included from [01m[K/home/joeyyu/catkin_ws_eth_sim/build/rotors_gazebo_plugins/TwistWithCovariance.pb.h:35:0[m[K,
                 from [01m[K/home/joeyyu/catkin_ws_eth_sim/build/rotors_gazebo_plugins/Odometry.pb.h:37[m[K,
                 from [01m[K/home/joeyyu/catkin_ws_eth_sim/build/rotors_gazebo_plugins/Odometry.pb.cc:4[m[K:
[01m[K/home/joeyyu/catkin_ws_eth_sim/build/rotors_gazebo_plugins/Twist.pb.h:[m[K In member function ‘[01m[Kconst gazebo::msgs::Vector3d& gz_geometry_msgs::Twist::_internal_linear() const[m[K’:
[01m[K/home/joeyyu/catkin_ws_eth_sim/build/rotors_gazebo_plugins/Twist.pb.h:268:8:[m[K [01;31m[Kerror: [m[K‘[01m[K_Vector3d_default_instance_[m[K’ is not a member of ‘[01m[Kgazebo::msgs[m[K’
       &::gazebo::msgs::_Vector3d_default_instance_);
[01;32m[K        ^[m[K
[01m[K/home/joeyyu/catkin_ws_eth_sim/build/rotors_gazebo_plugins/Twist.pb.h:[m[K In member function ‘[01m[Kconst gazebo::msgs::Vector3d& gz_geometry_msgs::Twist::_internal_angular() const[m[K’:
[01m[K/home/joeyyu/catkin_ws_eth_sim/build/rotors_gazebo_plugins/Twist.pb.h:345:8:[m[K [01;31m[Kerror: [m[K‘[01m[K_Vector3d_default_instance_[m[K’ is not a member of ‘[01m[Kgazebo::msgs[m[K’
       &::gazebo::msgs::_Vector3d_default_instance_);
[01;32m[K        ^[m[K
make[2]: *** [CMakeFiles/mav_msgs.dir/Imu.pb.cc.o] Error 1
make[2]: *** [CMakeFiles/mav_msgs.dir/Odometry.pb.cc.o] Error 1
In file included from [01m[K/home/joeyyu/catkin_ws_eth_sim/build/rotors_gazebo_plugins/PoseWithCovarianceStamped.pb.h:36:0[m[K,
                 from [01m[K/home/joeyyu/catkin_ws_eth_sim/build/rotors_gazebo_plugins/PoseWithCovarianceStamped.pb.cc:4[m[K:
[01m[K/home/joeyyu/catkin_ws_eth_sim/build/rotors_gazebo_plugins/PoseWithCovariance.pb.h:[m[K In member function ‘[01m[Kconst gazebo::msgs::Pose& gz_geometry_msgs::PoseWithCovariance::_internal_pose() const[m[K’:
[01m[K/home/joeyyu/catkin_ws_eth_sim/build/rotors_gazebo_plugins/PoseWithCovariance.pb.h:270:8:[m[K [01;31m[Kerror: [m[K‘[01m[K_Pose_default_instance_[m[K’ is not a member of ‘[01m[Kgazebo::msgs[m[K’
       &::gazebo::msgs::_Pose_default_instance_);
[01;32m[K        ^[m[K
make[2]: *** [CMakeFiles/mav_msgs.dir/PoseWithCovarianceStamped.pb.cc.o] Error 1
In file included from [01m[K/home/joeyyu/catkin_ws_eth_sim/build/rotors_gazebo_plugins/RollPitchYawrateThrust.pb.cc:4:0[m[K:
[01m[K/home/joeyyu/catkin_ws_eth_sim/build/rotors_gazebo_plugins/RollPitchYawrateThrust.pb.h:[m[K In member function ‘[01m[Kconst gazebo::msgs::Vector3d& gz_mav_msgs::RollPitchYawrateThrust::_internal_thrust() const[m[K’:
[01m[K/home/joeyyu/catkin_ws_eth_sim/build/rotors_gazebo_plugins/RollPitchYawrateThrust.pb.h:475:8:[m[K [01;31m[Kerror: [m[K‘[01m[K_Vector3d_default_instance_[m[K’ is not a member of ‘[01m[Kgazebo::msgs[m[K’
       &::gazebo::msgs::_Vector3d_default_instance_);
[01;32m[K        ^[m[K
In file included from [01m[K/home/joeyyu/catkin_ws_eth_sim/build/rotors_gazebo_plugins/Transform.pb.cc:4:0[m[K:
[01m[K/home/joeyyu/catkin_ws_eth_sim/build/rotors_gazebo_plugins/Transform.pb.h:[m[K In member function ‘[01m[Kconst gazebo::msgs::Vector3d& gz_geometry_msgs::Transform::_internal_translation() const[m[K’:
[01m[K/home/joeyyu/catkin_ws_eth_sim/build/rotors_gazebo_plugins/Transform.pb.h:269:8:[m[K [01;31m[Kerror: [m[K‘[01m[K_Vector3d_default_instance_[m[K’ is not a member of ‘[01m[Kgazebo::msgs[m[K’
       &::gazebo::msgs::_Vector3d_default_instance_);
[01;32m[K        ^[m[K
[01m[K/home/joeyyu/catkin_ws_eth_sim/build/rotors_gazebo_plugins/Transform.pb.h:[m[K In member function ‘[01m[Kconst gazebo::msgs::Quaternion& gz_geometry_msgs::Transform::_internal_rotation() const[m[K’:
[01m[K/home/joeyyu/catkin_ws_eth_sim/build/rotors_gazebo_plugins/Transform.pb.h:346:8:[m[K [01;31m[Kerror: [m[K‘[01m[K_Quaternion_default_instance_[m[K’ is not a member of ‘[01m[Kgazebo::msgs[m[K’
       &::gazebo::msgs::_Quaternion_default_instance_);
[01;32m[K        ^[m[K
[01m[K/home/joeyyu/catkin_ws_eth_sim/build/rotors_gazebo_plugins/RollPitchYawrateThrust.pb.cc:[m[K At global scope:
[01m[K/home/joeyyu/catkin_ws_eth_sim/build/rotors_gazebo_plugins/RollPitchYawrateThrust.pb.cc:17:8:[m[K [01;31m[Kerror: [m[K‘[01m[KPROTOBUF_INTERNAL_EXPORT_vector3d_2eproto[m[K’ does not name a type
 extern PROTOBUF_INTERNAL_EXPORT_vector3d_2eproto ::PROTOBUF_NAMESPACE_ID::internal::SCCInfo<0> scc_info_Vector3d_vector3d_2eproto;
[01;32m[K        ^[m[K
[01m[K/home/joeyyu/catkin_ws_eth_sim/build/rotors_gazebo_plugins/RollPitchYawrateThrust.pb.cc:39:8:[m[K [01;31m[Kerror: [m[K‘[01m[Kscc_info_Vector3d_vector3d_2eproto[m[K’ was not declared in this scope
       &scc_info_Vector3d_vector3d_2eproto.base,}};
[01;32m[K        ^[m[K
[01m[K/home/joeyyu/catkin_ws_eth_sim/build/rotors_gazebo_plugins/RollPitchYawrateThrust.pb.cc:80:4:[m[K [01;31m[Kerror: [m[K‘[01m[K::descriptor_table_vector3d_2eproto[m[K’ has not been declared
   &::descriptor_table_vector3d_2eproto,
[01;32m[K    ^[m[K
[01m[K/home/joeyyu/catkin_ws_eth_sim/build/rotors_gazebo_plugins/RollPitchYawrateThrust.pb.cc:[m[K In static member function ‘[01m[Kstatic void gz_mav_msgs::RollPitchYawrateThrust::InitAsDefaultInstance()[m[K’:
[01m[K/home/joeyyu/catkin_ws_eth_sim/build/rotors_gazebo_plugins/RollPitchYawrateThrust.pb.cc:103:7:[m[K [01;31m[Kerror: [m[K‘[01m[Kinternal_default_instance[m[K’ is not a member of ‘[01m[Kgazebo::msgs::Vector3d[m[K’
       ::gazebo::msgs::Vector3d::internal_default_instance());
[01;32m[K       ^[m[K
[01m[K/home/joeyyu/catkin_ws_eth_sim/build/rotors_gazebo_plugins/Transform.pb.cc:[m[K At global scope:
[01m[K/home/joeyyu/catkin_ws_eth_sim/build/rotors_gazebo_plugins/Transform.pb.cc:17:8:[m[K [01;31m[Kerror: [m[K‘[01m[KPROTOBUF_INTERNAL_EXPORT_quaternion_2eproto[m[K’ does not name a type
 extern PROTOBUF_INTERNAL_EXPORT_quaternion_2eproto ::PROTOBUF_NAMESPACE_ID::internal::SCCInfo<0> scc_info_Quaternion_quaternion_2eproto;
[01;32m[K        ^[m[K
[01m[K/home/joeyyu/catkin_ws_eth_sim/build/rotors_gazebo_plugins/Transform.pb.cc:18:8:[m[K [01;31m[Kerror: [m[K‘[01m[KPROTOBUF_INTERNAL_EXPORT_vector3d_2eproto[m[K’ does not name a type
 extern PROTOBUF_INTERNAL_EXPORT_vector3d_2eproto ::PROTOBUF_NAMESPACE_ID::internal::SCCInfo<0> scc_info_Vector3d_vector3d_2eproto;
[01;32m[K        ^[m[K
[01m[K/home/joeyyu/catkin_ws_eth_sim/build/rotors_gazebo_plugins/Transform.pb.cc:38:8:[m[K [01;31m[Kerror: [m[K‘[01m[Kscc_info_Vector3d_vector3d_2eproto[m[K’ was not declared in this scope
       &scc_info_Vector3d_vector3d_2eproto.base,
[01;32m[K        ^[m[K
[01m[K/home/joeyyu/catkin_ws_eth_sim/build/rotors_gazebo_plugins/Transform.pb.cc:39:8:[m[K [01;31m[Kerror: [m[K‘[01m[Kscc_info_Quaternion_quaternion_2eproto[m[K’ was not declared in this scope
       &scc_info_Quaternion_quaternion_2eproto.base,}};
[01;32m[K        ^[m[K
[01m[K/home/joeyyu/catkin_ws_eth_sim/build/rotors_gazebo_plugins/Transform.pb.cc:72:4:[m[K [01;31m[Kerror: [m[K‘[01m[K::descriptor_table_quaternion_2eproto[m[K’ has not been declared
   &::descriptor_table_quaternion_2eproto,
[01;32m[K    ^[m[K
[01m[K/home/joeyyu/catkin_ws_eth_sim/build/rotors_gazebo_plugins/Transform.pb.cc:73:4:[m[K [01;31m[Kerror: [m[K‘[01m[K::descriptor_table_vector3d_2eproto[m[K’ has not been declared
   &::descriptor_table_vector3d_2eproto,
[01;32m[K    ^[m[K
[01m[K/home/joeyyu/catkin_ws_eth_sim/build/rotors_gazebo_plugins/Transform.pb.cc:[m[K In static member function ‘[01m[Kstatic void gz_geometry_msgs::Transform::InitAsDefaultInstance()[m[K’:
[01m[K/home/joeyyu/catkin_ws_eth_sim/build/rotors_gazebo_plugins/Transform.pb.cc:94:7:[m[K [01;31m[Kerror: [m[K‘[01m[Kinternal_default_instance[m[K’ is not a member of ‘[01m[Kgazebo::msgs::Vector3d[m[K’
       ::gazebo::msgs::Vector3d::internal_default_instance());
[01;32m[K       ^[m[K
[01m[K/home/joeyyu/catkin_ws_eth_sim/build/rotors_gazebo_plugins/Transform.pb.cc:96:7:[m[K [01;31m[Kerror: [m[K‘[01m[Kinternal_default_instance[m[K’ is not a member of ‘[01m[Kgazebo::msgs::Quaternion[m[K’
       ::gazebo::msgs::Quaternion::internal_default_instance());
[01;32m[K       ^[m[K
make[2]: *** [CMakeFiles/mav_msgs.dir/RollPitchYawrateThrust.pb.cc.o] Error 1
make[2]: *** [CMakeFiles/mav_msgs.dir/Transform.pb.cc.o] Error 1
make[1]: *** [CMakeFiles/mav_msgs.dir/all] Error 2
make[1]: *** 正在等待未完成的任务....
make: *** [all] Error 2
