[  0%] Built target rosgraph_msgs_generate_messages_nodejs
[  0%] Built target rosgraph_msgs_generate_messages_py
[  0%] Built target roscpp_generate_messages_py
[  0%] Built target rosgraph_msgs_generate_messages_cpp
[  0%] Built target trajectory_msgs_generate_messages_nodejs
[  0%] Built target trajectory_msgs_generate_messages_lisp
[  0%] Built target std_msgs_generate_messages_py
[  0%] Built target rosgraph_msgs_generate_messages_lisp
[  0%] Built target trajectory_msgs_generate_messages_eus
[  0%] Built target roscpp_generate_messages_lisp
[  0%] Built target geometry_msgs_generate_messages_cpp
[  0%] Built target trajectory_msgs_generate_messages_cpp
[  0%] Built target rosgraph_msgs_generate_messages_eus
[  0%] Built target gazebo_msgs_generate_messages_eus
[  0%] Built target gazebo_msgs_generate_messages_py
[  0%] Built target sensor_msgs_generate_messages_nodejs
[  0%] Built target trajectory_msgs_generate_messages_py
[  0%] Built target std_msgs_generate_messages_lisp
[  0%] Built target std_srvs_generate_messages_lisp
[  0%] Built target roscpp_generate_messages_nodejs
[  0%] Built target geometry_msgs_generate_messages_lisp
[  0%] Built target std_srvs_generate_messages_cpp
[  0%] Built target mav_msgs_generate_messages_eus
[  0%] Built target std_srvs_generate_messages_eus
[  0%] Built target std_msgs_generate_messages_nodejs
[  0%] Built target gazebo_msgs_generate_messages_nodejs
[  0%] Built target mav_msgs_generate_messages_lisp
[  0%] Built target mav_msgs_generate_messages_py
[  0%] Built target sensor_msgs_generate_messages_lisp
[  0%] Built target geometry_msgs_generate_messages_py
[  0%] Built target gazebo_msgs_generate_messages_lisp
[  0%] Built target gazebo_msgs_generate_messages_cpp
[  0%] Built target geometry_msgs_generate_messages_eus
[  0%] Built target roscpp_generate_messages_cpp
[  0%] Built target std_msgs_generate_messages_cpp
[  0%] Built target sensor_msgs_generate_messages_cpp
[  0%] Built target sensor_msgs_generate_messages_eus
[  0%] Built target std_srvs_generate_messages_nodejs
[  0%] Built target sensor_msgs_generate_messages_py
[  0%] Built target std_msgs_generate_messages_eus
[  0%] Built target roscpp_generate_messages_eus
[  0%] Built target mav_msgs_generate_messages_cpp
[  0%] Built target mav_msgs_generate_messages_nodejs
[  0%] Built target std_srvs_generate_messages_py
[  0%] Built target geometry_msgs_generate_messages_nodejs
[  4%] Built target sdf
[35m[1mScanning dependencies of target waypoint_publisher_btraj[0m
[ 14%] Built target waypoint_publisher_file
[ 33%] Built target hovering_example
[ 33%] Built target waypoint_publisher
[ 33%] Built target _rotors_gazebo_generate_messages_check_deps_serial
[ 33%] Built target _rotors_gazebo_generate_messages_check_deps_PositionCommand
[ 38%] [32mBuilding CXX object CMakeFiles/waypoint_publisher_btraj.dir/src/waypoint_publisher_btraj.cpp.o[0m
[ 52%] Built target rotors_gazebo_generate_messages_eus
[ 61%] Built target rotors_gazebo_generate_messages_cpp
[ 71%] Built target rotors_gazebo_generate_messages_nodejs
[ 80%] Built target rotors_gazebo_generate_messages_lisp
[ 95%] Built target rotors_gazebo_generate_messages_py
[ 95%] Built target rotors_gazebo_generate_messages
[100%] [32m[1mLinking CXX executable /home/joeyyu/catkin_ws_eth_sim/devel/.private/rotors_gazebo/lib/rotors_gazebo/waypoint_publisher_btraj[0m
[100%] Built target waypoint_publisher_btraj
