[  0%] Built target roscpp_generate_messages_py
[  0%] Built target trajectory_msgs_generate_messages_lisp
[  0%] Built target rosgraph_msgs_generate_messages_nodejs
[  0%] Built target trajectory_msgs_generate_messages_nodejs
[  0%] Built target std_msgs_generate_messages_py
[  0%] Built target rosgraph_msgs_generate_messages_lisp
[  0%] Built target rosgraph_msgs_generate_messages_py
[  0%] Built target rosgraph_msgs_generate_messages_cpp
[  0%] Built target geometry_msgs_generate_messages_cpp
[  0%] Built target roscpp_generate_messages_lisp
[  0%] Built target sensor_msgs_generate_messages_nodejs
[  0%] Built target gazebo_msgs_generate_messages_eus
[  0%] Built target trajectory_msgs_generate_messages_cpp
[  0%] Built target rosgraph_msgs_generate_messages_eus
[  0%] Built target trajectory_msgs_generate_messages_eus
[  0%] Built target gazebo_msgs_generate_messages_py
[  0%] Built target std_msgs_generate_messages_lisp
[  0%] Built target std_srvs_generate_messages_lisp
[  0%] Built target trajectory_msgs_generate_messages_py
[  0%] Built target geometry_msgs_generate_messages_lisp
[  0%] Built target mav_msgs_generate_messages_eus
[  0%] Built target std_srvs_generate_messages_cpp
[  0%] Built target roscpp_generate_messages_nodejs
[  0%] Built target std_srvs_generate_messages_eus
[  0%] Built target mav_msgs_generate_messages_lisp
[  0%] Built target std_msgs_generate_messages_nodejs
[  0%] Built target mav_msgs_generate_messages_py
[  0%] Built target gazebo_msgs_generate_messages_nodejs
[  0%] Built target gazebo_msgs_generate_messages_cpp
[  0%] Built target geometry_msgs_generate_messages_py
[  0%] Built target sensor_msgs_generate_messages_lisp
[  0%] Built target gazebo_msgs_generate_messages_lisp
[  0%] Built target roscpp_generate_messages_cpp
[  0%] Built target geometry_msgs_generate_messages_eus
[  0%] Built target std_msgs_generate_messages_cpp
[  0%] Built target sensor_msgs_generate_messages_cpp
[  0%] Built target sensor_msgs_generate_messages_py
[  0%] Built target std_msgs_generate_messages_eus
[  0%] Built target std_srvs_generate_messages_py
[  0%] Built target std_srvs_generate_messages_nodejs
[  0%] Built target mav_msgs_generate_messages_cpp
[  0%] Built target sensor_msgs_generate_messages_eus
[  0%] Built target mav_msgs_generate_messages_nodejs
[  0%] Built target geometry_msgs_generate_messages_nodejs
[  7%] Built target roscpp_generate_messages_eus
[  7%] Built target sdf
[  7%] Built target _rotors_gazebo_generate_messages_check_deps_serial
[35m[1mScanning dependencies of target waypoint_publisher[0m
[ 21%] Built target hovering_example
[ 28%] Built target rotors_gazebo_generate_messages_nodejs
[ 42%] Built target rotors_gazebo_generate_messages_py
[ 50%] Built target rotors_gazebo_generate_messages_cpp
[ 64%] Built target waypoint_publisher_file
[ 78%] Built target rotors_gazebo_generate_messages_eus
[ 85%] Built target rotors_gazebo_generate_messages_lisp
[ 92%] [32mBuilding CXX object CMakeFiles/waypoint_publisher.dir/src/waypoint_publisher.cpp.o[0m
[ 92%] Built target rotors_gazebo_generate_messages
[100%] [32m[1mLinking CXX executable /home/joeyyu/catkin_ws_eth_sim/devel/.private/rotors_gazebo/lib/rotors_gazebo/waypoint_publisher[0m
[100%] Built target waypoint_publisher
