[  0%] Built target rosgraph_msgs_generate_messages_nodejs
[  0%] Built target rosgraph_msgs_generate_messages_py
[  0%] Built target trajectory_msgs_generate_messages_lisp
[  0%] Built target roscpp_generate_messages_py
[  0%] Built target rosgraph_msgs_generate_messages_cpp
[  0%] Built target std_msgs_generate_messages_py
[  0%] Built target rosgraph_msgs_generate_messages_lisp
[  0%] Built target trajectory_msgs_generate_messages_nodejs
[  0%] Built target trajectory_msgs_generate_messages_eus
[  0%] Built target roscpp_generate_messages_lisp
[  0%] Built target trajectory_msgs_generate_messages_py
[  0%] Built target rosgraph_msgs_generate_messages_eus
[  0%] Built target gazebo_msgs_generate_messages_py
[  0%] Built target geometry_msgs_generate_messages_cpp
[  0%] Built target gazebo_msgs_generate_messages_eus
[  0%] Built target trajectory_msgs_generate_messages_cpp
[  0%] Built target sensor_msgs_generate_messages_nodejs
[  0%] Built target std_srvs_generate_messages_cpp
[  0%] Built target mav_msgs_generate_messages_eus
[  0%] Built target std_msgs_generate_messages_lisp
[  0%] Built target geometry_msgs_generate_messages_lisp
[  0%] Built target std_srvs_generate_messages_lisp
[  0%] Built target std_srvs_generate_messages_eus
[  0%] Built target roscpp_generate_messages_nodejs
[  0%] Built target mav_msgs_generate_messages_py
[  0%] Built target gazebo_msgs_generate_messages_nodejs
[  0%] Built target mav_msgs_generate_messages_lisp
[  0%] Built target std_msgs_generate_messages_nodejs
[  0%] Built target gazebo_msgs_generate_messages_lisp
[  0%] Built target gazebo_msgs_generate_messages_cpp
[  0%] Built target sensor_msgs_generate_messages_lisp
[  0%] Built target geometry_msgs_generate_messages_py
[  0%] Built target geometry_msgs_generate_messages_eus
[  0%] Built target sensor_msgs_generate_messages_cpp
[  0%] Built target sensor_msgs_generate_messages_eus
[  0%] Built target sensor_msgs_generate_messages_py
[  0%] Built target roscpp_generate_messages_cpp
[  0%] Built target std_msgs_generate_messages_cpp
[  0%] Built target std_srvs_generate_messages_py
[  0%] Built target std_srvs_generate_messages_nodejs
[  0%] Built target geometry_msgs_generate_messages_nodejs
[  0%] Built target roscpp_generate_messages_eus
[  0%] Built target std_msgs_generate_messages_eus
[  0%] Built target mav_msgs_generate_messages_nodejs
[  0%] Built target mav_msgs_generate_messages_cpp
[  7%] Built target sdf
[35m[1mScanning dependencies of target waypoint_publisher[0m
[ 21%] Built target hovering_example
[ 21%] Built target _rotors_gazebo_generate_messages_check_deps_serial
[ 35%] Built target waypoint_publisher_file
[ 42%] Built target rotors_gazebo_generate_messages_nodejs
[ 57%] Built target rotors_gazebo_generate_messages_eus
[ 64%] Built target rotors_gazebo_generate_messages_cpp
[ 78%] Built target rotors_gazebo_generate_messages_py
[ 85%] [32mBuilding CXX object CMakeFiles/waypoint_publisher.dir/src/waypoint_publisher.cpp.o[0m
[ 92%] Built target rotors_gazebo_generate_messages_lisp
[ 92%] Built target rotors_gazebo_generate_messages
[01m[K/home/joeyyu/catkin_ws_eth_sim/src/rotors_simulator-master/rotors_gazebo/src/waypoint_publisher.cpp:[m[K In function ‘[01m[Kint main(int, char**)[m[K’:
[01m[K/home/joeyyu/catkin_ws_eth_sim/src/rotors_simulator-master/rotors_gazebo/src/waypoint_publisher.cpp:250:9:[m[K [01;31m[Kerror: [m[Kduplicate case value
         case 5:
[01;32m[K         ^[m[K
[01m[K/home/joeyyu/catkin_ws_eth_sim/src/rotors_simulator-master/rotors_gazebo/src/waypoint_publisher.cpp:229:9:[m[K [01;31m[Kerror: [m[Kpreviously used here
         case 5:
[01;32m[K         ^[m[K
CMakeFiles/waypoint_publisher.dir/build.make:62: recipe for target 'CMakeFiles/waypoint_publisher.dir/src/waypoint_publisher.cpp.o' failed
CMakeFiles/Makefile2:261: recipe for target 'CMakeFiles/waypoint_publisher.dir/all' failed
Makefile:140: recipe for target 'all' failed
make[2]: *** [CMakeFiles/waypoint_publisher.dir/src/waypoint_publisher.cpp.o] Error 1
make[1]: *** [CMakeFiles/waypoint_publisher.dir/all] Error 2
make: *** [all] Error 2
