[  0%] Built target rosgraph_msgs_generate_messages_py
[  0%] Built target roscpp_generate_messages_py
[  0%] Built target rosgraph_msgs_generate_messages_nodejs
[  0%] Built target rosgraph_msgs_generate_messages_lisp
[  0%] Built target rosgraph_msgs_generate_messages_cpp
[  0%] Built target trajectory_msgs_generate_messages_nodejs
[  0%] Built target trajectory_msgs_generate_messages_lisp
[  0%] Built target std_msgs_generate_messages_py
[  0%] Built target trajectory_msgs_generate_messages_eus
[  0%] Built target trajectory_msgs_generate_messages_cpp
[  0%] Built target roscpp_generate_messages_lisp
[  0%] Built target rosgraph_msgs_generate_messages_eus
[  0%] Built target geometry_msgs_generate_messages_cpp
[  0%] Built target gazebo_msgs_generate_messages_eus
[  0%] Built target gazebo_msgs_generate_messages_py
[  0%] Built target sensor_msgs_generate_messages_nodejs
[  0%] Built target std_msgs_generate_messages_lisp
[  0%] Built target trajectory_msgs_generate_messages_py
[  0%] Built target mav_msgs_generate_messages_eus
[  0%] Built target std_srvs_generate_messages_lisp
[  0%] Built target roscpp_generate_messages_nodejs
[  0%] Built target geometry_msgs_generate_messages_lisp
[  0%] Built target std_srvs_generate_messages_cpp
[  0%] Built target std_srvs_generate_messages_eus
[  0%] Built target mav_msgs_generate_messages_py
[  0%] Built target mav_msgs_generate_messages_lisp
[  0%] Built target gazebo_msgs_generate_messages_nodejs
[  0%] Built target std_msgs_generate_messages_nodejs
[  0%] Built target gazebo_msgs_generate_messages_cpp
[  0%] Built target gazebo_msgs_generate_messages_lisp
[  0%] Built target sensor_msgs_generate_messages_lisp
[  0%] Built target geometry_msgs_generate_messages_py
[  0%] Built target geometry_msgs_generate_messages_eus
[  0%] Built target roscpp_generate_messages_cpp
[  0%] Built target sensor_msgs_generate_messages_cpp
[  0%] Built target std_msgs_generate_messages_cpp
[  0%] Built target sensor_msgs_generate_messages_py
[  0%] Built target sensor_msgs_generate_messages_eus
[  0%] Built target std_srvs_generate_messages_nodejs
[  0%] Built target std_srvs_generate_messages_py
[  0%] Built target std_msgs_generate_messages_eus
[  0%] Built target roscpp_generate_messages_eus
[  0%] Built target mav_msgs_generate_messages_cpp
[  0%] Built target geometry_msgs_generate_messages_nodejs
[  4%] Built target sdf
[  4%] Built target mav_msgs_generate_messages_nodejs
[35m[1mScanning dependencies of target waypoint_publisher_file[0m
[35m[1mScanning dependencies of target waypoint_publisher[0m
[35m[1mScanning dependencies of target hovering_example[0m
[35m[1mScanning dependencies of target waypoint_publisher_btraj[0m
[  4%] Built target _rotors_gazebo_generate_messages_check_deps_serial
[  4%] Built target _rotors_gazebo_generate_messages_check_deps_PositionCommand
[  9%] [34m[1mGenerating EusLisp code from rotors_gazebo/PositionCommand.msg[0m
[ 14%] [34m[1mGenerating C++ code from rotors_gazebo/PositionCommand.msg[0m
[ 19%] [32mBuilding CXX object CMakeFiles/hovering_example.dir/src/hovering_example.cpp.o[0m
[ 28%] [32mBuilding CXX object CMakeFiles/waypoint_publisher_btraj.dir/src/waypoint_publisher_btraj.cpp.o[0m
[ 28%] [32mBuilding CXX object CMakeFiles/waypoint_publisher.dir/src/waypoint_publisher.cpp.o[0m
[ 33%] [34m[1mGenerating Javascript code from rotors_gazebo/PositionCommand.msg[0m
[ 38%] [34m[1mGenerating Lisp code from rotors_gazebo/PositionCommand.msg[0m
[ 47%] [34m[1mGenerating Javascript code from rotors_gazebo/serial.msg[0m
[ 47%] [32mBuilding CXX object CMakeFiles/waypoint_publisher_file.dir/src/waypoint_publisher_file.cpp.o[0m
[ 52%] [34m[1mGenerating EusLisp code from rotors_gazebo/serial.msg[0m
[ 57%] [34m[1mGenerating Lisp code from rotors_gazebo/serial.msg[0m
[ 57%] Built target rotors_gazebo_generate_messages_nodejs
[ 57%] Built target rotors_gazebo_generate_messages_lisp
[ 61%] [34m[1mGenerating Python from MSG rotors_gazebo/PositionCommand[0m
[ 66%] [34m[1mGenerating C++ code from rotors_gazebo/serial.msg[0m
[ 71%] [34m[1mGenerating Python from MSG rotors_gazebo/serial[0m
[ 76%] Built target rotors_gazebo_generate_messages_eus
[ 80%] [34m[1mGenerating Python msg __init__.py for rotors_gazebo[0m
[ 80%] Built target rotors_gazebo_generate_messages_cpp
[ 80%] Built target rotors_gazebo_generate_messages_py
[ 80%] Built target rotors_gazebo_generate_messages
[ 85%] [32m[1mLinking CXX executable /home/joeyyu/catkin_ws_eth_sim/devel/.private/rotors_gazebo/lib/rotors_gazebo/hovering_example[0m
[ 85%] Built target hovering_example
[ 90%] [32m[1mLinking CXX executable /home/joeyyu/catkin_ws_eth_sim/devel/.private/rotors_gazebo/lib/rotors_gazebo/waypoint_publisher_btraj[0m
[ 95%] [32m[1mLinking CXX executable /home/joeyyu/catkin_ws_eth_sim/devel/.private/rotors_gazebo/lib/rotors_gazebo/waypoint_publisher[0m
[ 95%] Built target waypoint_publisher_btraj
[100%] [32m[1mLinking CXX executable /home/joeyyu/catkin_ws_eth_sim/devel/.private/rotors_gazebo/lib/rotors_gazebo/waypoint_publisher_file[0m
[100%] Built target waypoint_publisher
[100%] Built target waypoint_publisher_file
