Linked: (/home/joeyyu/catkin_ws_eth_sim/devel/.private/rotors_gazebo/lib/rotors_gazebo/waypoint_publisher_file, /home/joeyyu/catkin_ws_eth_sim/devel/lib/rotors_gazebo/waypoint_publisher_file)
Linked: (/home/joeyyu/catkin_ws_eth_sim/devel/.private/rotors_gazebo/lib/rotors_gazebo/waypoint_publisher, /home/joeyyu/catkin_ws_eth_sim/devel/lib/rotors_gazebo/waypoint_publisher)
Linked: (/home/joeyyu/catkin_ws_eth_sim/devel/.private/rotors_gazebo/lib/rotors_gazebo/hovering_example, /home/joeyyu/catkin_ws_eth_sim/devel/lib/rotors_gazebo/hovering_example)
Linked: (/home/joeyyu/catkin_ws_eth_sim/devel/.private/rotors_gazebo/lib/pkgconfig/rotors_gazebo.pc, /home/joeyyu/catkin_ws_eth_sim/devel/lib/pkgconfig/rotors_gazebo.pc)
Linked: (/home/joeyyu/catkin_ws_eth_sim/devel/.private/rotors_gazebo/lib/python2.7/dist-packages/rotors_gazebo/__init__.py, /home/joeyyu/catkin_ws_eth_sim/devel/lib/python2.7/dist-packages/rotors_gazebo/__init__.py)
Linked: (/home/joeyyu/catkin_ws_eth_sim/devel/.private/rotors_gazebo/lib/python2.7/dist-packages/rotors_gazebo/msg/__init__.py, /home/joeyyu/catkin_ws_eth_sim/devel/lib/python2.7/dist-packages/rotors_gazebo/msg/__init__.py)
Symlinking /home/joeyyu/catkin_ws_eth_sim/devel/lib/python2.7/dist-packages/rotors_gazebo/msg/_PositionCommand.py
Linked: (/home/joeyyu/catkin_ws_eth_sim/devel/.private/rotors_gazebo/lib/python2.7/dist-packages/rotors_gazebo/msg/_serial.py, /home/joeyyu/catkin_ws_eth_sim/devel/lib/python2.7/dist-packages/rotors_gazebo/msg/_serial.py)
Linked: (/home/joeyyu/catkin_ws_eth_sim/devel/.private/rotors_gazebo/share/rotors_gazebo/cmake/rotors_gazebo-msg-paths.cmake, /home/joeyyu/catkin_ws_eth_sim/devel/share/rotors_gazebo/cmake/rotors_gazebo-msg-paths.cmake)
Linked: (/home/joeyyu/catkin_ws_eth_sim/devel/.private/rotors_gazebo/share/rotors_gazebo/cmake/rotors_gazeboConfig.cmake, /home/joeyyu/catkin_ws_eth_sim/devel/share/rotors_gazebo/cmake/rotors_gazeboConfig.cmake)
Linked: (/home/joeyyu/catkin_ws_eth_sim/devel/.private/rotors_gazebo/share/rotors_gazebo/cmake/rotors_gazeboConfig-version.cmake, /home/joeyyu/catkin_ws_eth_sim/devel/share/rotors_gazebo/cmake/rotors_gazeboConfig-version.cmake)
Linked: (/home/joeyyu/catkin_ws_eth_sim/devel/.private/rotors_gazebo/share/rotors_gazebo/cmake/rotors_gazebo-msg-extras.cmake, /home/joeyyu/catkin_ws_eth_sim/devel/share/rotors_gazebo/cmake/rotors_gazebo-msg-extras.cmake)
Linked: (/home/joeyyu/catkin_ws_eth_sim/devel/.private/rotors_gazebo/share/roseus/ros/rotors_gazebo/manifest.l, /home/joeyyu/catkin_ws_eth_sim/devel/share/roseus/ros/rotors_gazebo/manifest.l)
Linked: (/home/joeyyu/catkin_ws_eth_sim/devel/.private/rotors_gazebo/share/roseus/ros/rotors_gazebo/msg/serial.l, /home/joeyyu/catkin_ws_eth_sim/devel/share/roseus/ros/rotors_gazebo/msg/serial.l)
Symlinking /home/joeyyu/catkin_ws_eth_sim/devel/share/roseus/ros/rotors_gazebo/msg/PositionCommand.l
Linked: (/home/joeyyu/catkin_ws_eth_sim/devel/.private/rotors_gazebo/share/gennodejs/ros/rotors_gazebo/_index.js, /home/joeyyu/catkin_ws_eth_sim/devel/share/gennodejs/ros/rotors_gazebo/_index.js)
Symlinking /home/joeyyu/catkin_ws_eth_sim/devel/share/gennodejs/ros/rotors_gazebo/msg/PositionCommand.js
Linked: (/home/joeyyu/catkin_ws_eth_sim/devel/.private/rotors_gazebo/share/gennodejs/ros/rotors_gazebo/msg/_index.js, /home/joeyyu/catkin_ws_eth_sim/devel/share/gennodejs/ros/rotors_gazebo/msg/_index.js)
Linked: (/home/joeyyu/catkin_ws_eth_sim/devel/.private/rotors_gazebo/share/gennodejs/ros/rotors_gazebo/msg/serial.js, /home/joeyyu/catkin_ws_eth_sim/devel/share/gennodejs/ros/rotors_gazebo/msg/serial.js)
Linked: (/home/joeyyu/catkin_ws_eth_sim/devel/.private/rotors_gazebo/share/common-lisp/ros/rotors_gazebo/msg/_package_serial.lisp, /home/joeyyu/catkin_ws_eth_sim/devel/share/common-lisp/ros/rotors_gazebo/msg/_package_serial.lisp)
Linked: (/home/joeyyu/catkin_ws_eth_sim/devel/.private/rotors_gazebo/share/common-lisp/ros/rotors_gazebo/msg/_package.lisp, /home/joeyyu/catkin_ws_eth_sim/devel/share/common-lisp/ros/rotors_gazebo/msg/_package.lisp)
Linked: (/home/joeyyu/catkin_ws_eth_sim/devel/.private/rotors_gazebo/share/common-lisp/ros/rotors_gazebo/msg/rotors_gazebo-msg.asd, /home/joeyyu/catkin_ws_eth_sim/devel/share/common-lisp/ros/rotors_gazebo/msg/rotors_gazebo-msg.asd)
Linked: (/home/joeyyu/catkin_ws_eth_sim/devel/.private/rotors_gazebo/share/common-lisp/ros/rotors_gazebo/msg/serial.lisp, /home/joeyyu/catkin_ws_eth_sim/devel/share/common-lisp/ros/rotors_gazebo/msg/serial.lisp)
Symlinking /home/joeyyu/catkin_ws_eth_sim/devel/share/common-lisp/ros/rotors_gazebo/msg/PositionCommand.lisp
Symlinking /home/joeyyu/catkin_ws_eth_sim/devel/share/common-lisp/ros/rotors_gazebo/msg/_package_PositionCommand.lisp
Linked: (/home/joeyyu/catkin_ws_eth_sim/devel/.private/rotors_gazebo/include/rotors_gazebo/serial.h, /home/joeyyu/catkin_ws_eth_sim/devel/include/rotors_gazebo/serial.h)
Symlinking /home/joeyyu/catkin_ws_eth_sim/devel/include/rotors_gazebo/PositionCommand.h
